<?xml version="1.0" encoding="UTF-8"?>
<!-- Generated by org.testng.reporters.JUnitReportReporter -->
<testsuite hostname="LAPTOP-9U10MB95" failures="0" tests="1" name="arrays.Arrays" time="0.037" errors="0" timestamp="2024-12-30T19:44:54 IST" skipped="0">
  <testcase classname="arrays.Arrays" name="test2" time="0.037"/>
  <system-out/>
</testsuite> <!-- arrays.Arrays -->
