<?xml version="1.0" encoding="UTF-8"?>
<!-- Generated by org.testng.reporters.JUnitReportReporter -->
<testsuite hostname="LAPTOP-9U10MB95" failures="0" tests="1" name="test.Scannerclass" time="10.786" errors="0" timestamp="2025-01-28T11:07:53 IST" skipped="0">
  <testcase classname="test.Scannerclass" name="test1" time="10.786"/>
  <system-out/>
</testsuite> <!-- test.Scannerclass -->
