<?xml version="1.0" encoding="UTF-8"?>
<!-- Generated by org.testng.reporters.JUnitReportReporter -->
<testsuite hostname="LAPTOP-9U10MB95" failures="0" tests="1" name="programs.SwapingNumbers" time="0.018" errors="0" timestamp="2025-01-01T18:08:36 IST" skipped="0">
  <testcase classname="programs.SwapingNumbers" name="test1" time="0.018"/>
  <system-out/>
</testsuite> <!-- programs.SwapingNumbers -->
