<?xml version="1.0" encoding="UTF-8"?>
<!-- Generated by org.testng.reporters.JUnitReportReporter -->
<testsuite hostname="LAPTOP-9U10MB95" failures="0" tests="1" name="programs.FibonacciSeries" time="0.022" errors="0" timestamp="2025-01-08T13:41:16 IST" skipped="0">
  <testcase classname="programs.FibonacciSeries" name="test" time="0.022"/>
  <system-out/>
</testsuite> <!-- programs.FibonacciSeries -->
