<?xml version="1.0" encoding="UTF-8"?>
<!-- Generated by org.testng.reporters.JUnitReportReporter -->
<testsuite hostname="LAPTOP-9U10MB95" failures="0" tests="1" name="test.WindowHandles" time="22.755" errors="0" timestamp="2025-03-03T13:07:22 IST" skipped="0">
  <testcase classname="test.WindowHandles" name="Test" time="22.755"/>
  <system-out/>
</testsuite> <!-- test.WindowHandles -->
