<?xml version="1.0" encoding="UTF-8"?>
<!-- Generated by org.testng.reporters.JUnitReportReporter -->
<testsuite hostname="LAPTOP-9U10MB95" failures="0" tests="1" name="test.PrintTheLinks" time="20.988" errors="0" timestamp="2025-02-01T13:55:13 IST" skipped="0">
  <testcase classname="test.PrintTheLinks" name="f" time="20.988"/>
  <system-out/>
</testsuite> <!-- test.PrintTheLinks -->
