<?xml version="1.0" encoding="UTF-8"?>
<!-- Generated by org.testng.reporters.JUnitReportReporter -->
<testsuite hostname="LAPTOP-9U10MB95" failures="0" tests="1" name="groupingpack.Personal_loan" time="0.015" errors="0" timestamp="2025-03-02T21:09:09 IST" skipped="0">
  <testcase classname="groupingpack.Personal_loan" name="WebLoginPersonalLoan" time="0.015"/>
  <system-out/>
</testsuite> <!-- groupingpack.Personal_loan -->
