<?xml version="1.0" encoding="UTF-8"?>
<!-- Generated by org.testng.reporters.JUnitReportReporter -->
<testsuite hostname="LAPTOP-9U10MB95" failures="0" tests="1" name="test.Assertions" time="0.098" errors="0" timestamp="2025-01-08T13:06:53 IST" skipped="0">
  <testcase classname="test.Assertions" name="test2" time="0.098"/>
  <system-out/>
</testsuite> <!-- test.Assertions -->
