<?xml version="1.0" encoding="UTF-8"?>
<!-- Generated by org.testng.reporters.JUnitReportReporter -->
<testsuite hostname="LAPTOP-9U10MB95" failures="0" tests="1" name="programs.FibonacciSeries" time="0.014" errors="0" timestamp="2025-02-03T09:18:17 IST" skipped="0">
  <testcase classname="programs.FibonacciSeries" name="test" time="0.014"/>
  <system-out/>
</testsuite> <!-- programs.FibonacciSeries -->
