<?xml version="1.0" encoding="UTF-8"?>
<!-- Generated by org.testng.reporters.JUnitReportReporter -->
<testsuite hostname="LAPTOP-9U10MB95" failures="0" tests="2" name="crossBrowser.CrossBrowserTest" time="9.364" errors="0" timestamp="2025-02-05T12:00:00 IST" skipped="0">
  <testcase classname="crossBrowser.CrossBrowserTest" name="Test" time="4.988"/>
  <system-out/>
  <testcase classname="crossBrowser.CrossBrowserTest" name="Test" time="4.376"/>
  <system-out/>
</testsuite> <!-- crossBrowser.CrossBrowserTest -->
