<?xml version="1.0" encoding="UTF-8"?>
<!-- Generated by org.testng.reporters.JUnitReportReporter -->
<testsuite hostname="LAPTOP-9U10MB95" failures="0" tests="1" name="groupingpack.Car_Loan" time="0.002" errors="0" timestamp="2025-03-02T21:09:09 IST" skipped="0">
  <testcase classname="groupingpack.Car_Loan" name="APILoginCarLoan" time="0.002"/>
  <system-out/>
</testsuite> <!-- groupingpack.Car_Loan -->
