<?xml version="1.0" encoding="UTF-8"?>
<!-- Generated by org.testng.reporters.JUnitReportReporter -->
<testsuite hostname="LAPTOP-9U10MB95" failures="0" tests="1" name="findElements.FindElements" time="38.762" errors="0" timestamp="2025-02-03T08:02:45 IST" skipped="0">
  <testcase classname="findElements.FindElements" name="Example" time="38.762"/>
  <system-out/>
</testsuite> <!-- findElements.FindElements -->
