<?xml version="1.0" encoding="UTF-8"?>
<!-- Generated by org.testng.reporters.JUnitReportReporter -->
<testsuite hostname="LAPTOP-9U10MB95" failures="0" tests="2" name="parallelDemo.ParallelTest" time="66.240" errors="0" timestamp="2025-02-04T09:16:29 IST" skipped="0">
  <testcase classname="parallelDemo.ParallelTest" name="test2" time="33.113"/>
  <system-out/>
  <testcase classname="parallelDemo.ParallelTest" name="test1" time="33.127"/>
  <system-out/>
</testsuite> <!-- parallelDemo.ParallelTest -->
