<?xml version="1.0" encoding="UTF-8"?>
<!-- Generated by org.testng.reporters.JUnitReportReporter -->
<testsuite hostname="LAPTOP-9U10MB95" failures="0" tests="2" name="annotationpack.AnnotationsTest" time="0.040" errors="0" timestamp="2025-01-07T12:16:32 IST" skipped="0">
  <testcase classname="annotationpack.AnnotationsTest" name="TestMethod1" time="0.034"/>
  <system-out/>
  <testcase classname="annotationpack.AnnotationsTest" name="TestMethod2" time="0.006"/>
  <system-out/>
</testsuite> <!-- annotationpack.AnnotationsTest -->
