<?xml version="1.0" encoding="UTF-8"?>
<!-- Generated by org.testng.reporters.JUnitReportReporter -->
<testsuite hostname="LAPTOP-9U10MB95" failures="0" tests="1" name="test.ThisKeyword" time="0.017" errors="0" timestamp="2025-01-08T13:08:16 IST" skipped="0">
  <testcase classname="test.ThisKeyword" name="test" time="0.017"/>
  <system-out/>
</testsuite> <!-- test.ThisKeyword -->
