<?xml version="1.0" encoding="UTF-8"?>
<!-- Generated by org.testng.reporters.JUnitReportReporter -->
<testsuite hostname="LAPTOP-9U10MB95" failures="0" tests="1" name="test.ThisKeyword" time="0.016" errors="0" timestamp="2025-02-01T13:53:04 IST" skipped="0">
  <testcase classname="test.ThisKeyword" name="test" time="0.016"/>
  <system-out/>
</testsuite> <!-- test.ThisKeyword -->
