<?xml version="1.0" encoding="UTF-8"?>
<!-- Generated by org.testng.reporters.JUnitReportReporter -->
<testsuite hostname="LAPTOP-9U10MB95" failures="0" tests="1" name="groupingpack.Home_loan" time="0.002" errors="0" timestamp="2025-02-05T10:26:34 IST" skipped="0">
  <testcase classname="groupingpack.Home_loan" name="MobileLoginHomeLoan" time="0.002"/>
  <system-out/>
</testsuite> <!-- groupingpack.Home_loan -->
