<?xml version="1.0" encoding="UTF-8"?>
<!-- Generated by org.testng.reporters.JUnitReportReporter -->
<testsuite hostname="LAPTOP-9U10MB95" failures="0" tests="4" name="data_Provider.Data_Provider" time="62.839" errors="0" timestamp="2024-12-27T10:34:14 IST" skipped="0">
  <testcase classname="data_Provider.Data_Provider" name="Test" time="19.935"/>
  <system-out/>
  <testcase classname="data_Provider.Data_Provider" name="Test" time="13.450"/>
  <system-out/>
  <testcase classname="data_Provider.Data_Provider" name="Test" time="16.238"/>
  <system-out/>
  <testcase classname="data_Provider.Data_Provider" name="Test" time="13.216"/>
  <system-out/>
</testsuite> <!-- data_Provider.Data_Provider -->
