<?xml version="1.0" encoding="UTF-8"?>
<!-- Generated by org.testng.reporters.JUnitReportReporter -->
<testsuite hostname="LAPTOP-9U10MB95" failures="0" tests="2" name="crossBrowser.CrossBrowserTest" time="7.020" errors="0" timestamp="2025-02-04T10:03:02 IST" skipped="0">
  <testcase classname="crossBrowser.CrossBrowserTest" name="Test" time="2.437"/>
  <system-out/>
  <testcase classname="crossBrowser.CrossBrowserTest" name="Test" time="4.583"/>
  <system-out/>
</testsuite> <!-- crossBrowser.CrossBrowserTest -->
