<?xml version="1.0" encoding="UTF-8"?>
<!-- Generated by org.testng.reporters.JUnitReportReporter -->
<testsuite hostname="LAPTOP-9U10MB95" failures="0" tests="1" name="test.WindowHandles" time="21.547" errors="0" timestamp="2025-02-01T13:48:30 IST" skipped="0">
  <testcase classname="test.WindowHandles" name="Test" time="21.547"/>
  <system-out/>
</testsuite> <!-- test.WindowHandles -->
