<?xml version="1.0" encoding="UTF-8"?>
<!-- Generated by org.testng.reporters.JUnitReportReporter -->
<testsuite hostname="LAPTOP-9U10MB95" failures="0" tests="1" name="arrays.Arrays" time="0.024" errors="0" timestamp="2025-02-03T07:50:51 IST" skipped="0">
  <testcase classname="arrays.Arrays" name="test1" time="0.024"/>
  <system-out/>
</testsuite> <!-- arrays.Arrays -->
